<?xml version="1.0" encoding="UTF-8"?>
<!-- Generated by org.testng.reporters.JUnitXMLReporter -->
<testsuite ignored="0" hostname="LAPTOP-P0G3ANQ6" failures="1" tests="2" name="SampleTest" time="0.056" errors="0" timestamp="2020-12-23T15:02:31 IST">
  <testcase classname="Dec22.SampleTest" name="Test" time="0.008"/>
  <testcase classname="Dec22.SampleTest" name="Test1" time="0.003">
    <failure type="java.lang.AssertionError" message="expected [true] but found [false]">
      <![CDATA[java.lang.AssertionError: expected [true] but found [false]
at Dec22.SampleTest.Test1(SampleTest.java:14)
at java.base/java.util.ArrayList.forEach(ArrayList.java:1511)
... Removed 31 stack frames]]>
    </failure>
  </testcase> <!-- Test1 -->
</testsuite> <!-- SampleTest -->
