<?xml version="1.0" encoding="UTF-8"?>
<!-- Generated by org.testng.reporters.JUnitXMLReporter -->
<testsuite ignored="0" hostname="LAPTOP-P0G3ANQ6" failures="1" tests="1" name="Test(failed)" time="0.052" errors="0" timestamp="2020-12-23T16:14:52 IST">
  <testcase classname="Dec22.SampleTest1" name="Test3" time="0.011">
    <failure type="java.lang.AssertionError" message="expected [true] but found [false]">
      <![CDATA[java.lang.AssertionError: expected [true] but found [false]
at Dec22.SampleTest1.Test3(SampleTest1.java:11)
at java.base/java.util.ArrayList.forEach(ArrayList.java:1511)
... Removed 31 stack frames]]>
    </failure>
  </testcase> <!-- Test3 -->
</testsuite> <!-- Test(failed) -->
